<?xml version="1.0" encoding="UTF-8"?>
<testsuite xmlns:xsi="http://www.w3.org/2001/XMLSchema-instance" xsi:noNamespaceSchemaLocation="https://maven.apache.org/surefire/maven-surefire-plugin/xsd/surefire-test-report-3.0.xsd" version="3.0" name="damose.DatiGTFSTest$CollectionTests" time="0.015" tests="3" errors="0" skipped="0" failures="0">
  <properties>
[...]
</properties>
  <testcase name="collectionFermate_NonDeveEssereVuota" classname="damose.DatiGTFSTest$CollectionTests" time="0.002"/>
  <testcase name="collectionLinee_NonDeveEssereVuota" classname="damose.DatiGTFSTest$CollectionTests" time="0.003"/>
  <testcase name="collectionViaggi_NonDeveEssereVuota" classname="damose.DatiGTFSTest$CollectionTests" time="0.003"/>
</testsuite>